<?xml version="1.0" encoding="utf-8" standalone="no"?>
<!--This file represents the results of running a test suite-->
<test-results name="C:\Users\amikom\Desktop\01 latihan\unittest\bin\Debug\unittest.dll" total="1" errors="0" failures="0" not-run="0" inconclusive="0" ignored="0" skipped="0" invalid="0" date="2019-10-17" time="11:34:39">
  <environment nunit-version="2.6.4.14350" clr-version="2.0.50727.8000" os-version="Microsoft Windows NT 6.2.9200.0" platform="Win32NT" cwd="C:\Users\amikom\Desktop\tools-testing\NUnit" machine-name="KOMPUTER-63" user="amikom" user-domain="KOMPUTER-63" />
  <culture-info current-culture="id-ID" current-uiculture="en-US" />
  <test-suite type="Assembly" name="C:\Users\amikom\Desktop\01 latihan\unittest\bin\Debug\unittest.dll" executed="True" result="Success" success="True" time="0.001" asserts="0">
    <results>
      <test-suite type="Namespace" name="unittest" executed="True" result="Success" success="True" time="0.001" asserts="0">
        <results>
          <test-suite type="TestFixture" name="CalculatorTest" executed="True" result="Success" success="True" time="0.001" asserts="0">
            <results>
              <test-case name="unittest.CalculatorTest.PerkalianTest" executed="True" result="Success" success="True" time="0.000" asserts="1" />
            </results>
          </test-suite>
        </results>
      </test-suite>
    </results>
  </test-suite>
</test-results>